<?xml version="1.0" encoding="utf-8"?>
<TestRun id="82c1001b-5223-47d8-b651-c7d025990029" name="@UKSHF-FVFKPJVA1WFV 2024-02-06 11:34:04" xmlns="http://microsoft.com/schemas/VisualStudio/TeamTest/2010">
  <Times creation="2024-02-06T11:34:04.3820270+00:00" queuing="2024-02-06T11:34:04.3820270+00:00" start="2024-02-06T11:34:03.5909890+00:00" finish="2024-02-06T11:34:04.3889050+00:00" />
  <TestSettings name="default" id="da0da369-00e1-48e7-984d-7678d3f4ced1">
    <Deployment runDeploymentRoot="_UKSHF-FVFKPJVA1WFV_2024-02-06_11_34_04" />
  </TestSettings>
  <Results>
    <UnitTestResult executionId="66513bfb-d37b-43e7-88de-50d0044eba5d" testId="9fba721a-45fa-9411-84eb-85ce1e65ef04" testName="Todo.Cli.Tests.ToDoRepositoryTests.ListIncompleteTasks_ListsAllIncompleteTasks" computerName="UKSHF-FVFKPJVA1WFV" duration="00:00:00.0001370" startTime="2024-02-06T11:34:04.3182560+00:00" endTime="2024-02-06T11:34:04.3182560+00:00" testType="13cdc9d9-ddb5-4fa4-a97d-d965ccfc6d4b" outcome="Passed" testListId="8c84fa94-04c1-424b-9868-57a2d4851a1d" relativeResultsDirectory="66513bfb-d37b-43e7-88de-50d0044eba5d" />
    <UnitTestResult executionId="a663f3d4-33d6-47bb-a018-95e3a758fc05" testId="546a8e97-3581-ddb4-b25b-604c8f1cd17a" testName="Todo.Cli.Tests.ToDoTests.ToDoTest" computerName="UKSHF-FVFKPJVA1WFV" duration="00:00:00.0019079" startTime="2024-02-06T11:34:04.3153030+00:00" endTime="2024-02-06T11:34:04.3153030+00:00" testType="13cdc9d9-ddb5-4fa4-a97d-d965ccfc6d4b" outcome="Passed" testListId="8c84fa94-04c1-424b-9868-57a2d4851a1d" relativeResultsDirectory="a663f3d4-33d6-47bb-a018-95e3a758fc05" />
    <UnitTestResult executionId="20391e93-2844-4e31-8d07-9f95199dab34" testId="c659ee89-fba0-4dcf-aa11-ae2d955e29ad" testName="Todo.Cli.Tests.ToDoRepositoryTests.CompleteTask_ChangeCompleteStatusToComplete" computerName="UKSHF-FVFKPJVA1WFV" duration="00:00:00.0003678" startTime="2024-02-06T11:34:04.3181270+00:00" endTime="2024-02-06T11:34:04.3181270+00:00" testType="13cdc9d9-ddb5-4fa4-a97d-d965ccfc6d4b" outcome="Passed" testListId="8c84fa94-04c1-424b-9868-57a2d4851a1d" relativeResultsDirectory="20391e93-2844-4e31-8d07-9f95199dab34" />
    <UnitTestResult executionId="71b084a8-cf4d-48e0-8e03-6a703c0792e0" testId="8f15d5a9-07a0-10ce-c13d-3b1083321ebc" testName="Todo.Cli.Tests.ToDoTests.Complete_CompletesSpecifiedToDo" computerName="UKSHF-FVFKPJVA1WFV" duration="00:00:00.0070462" startTime="2024-02-06T11:34:04.3129670+00:00" endTime="2024-02-06T11:34:04.3129780+00:00" testType="13cdc9d9-ddb5-4fa4-a97d-d965ccfc6d4b" outcome="Passed" testListId="8c84fa94-04c1-424b-9868-57a2d4851a1d" relativeResultsDirectory="71b084a8-cf4d-48e0-8e03-6a703c0792e0" />
    <UnitTestResult executionId="5cd5ad95-b72c-4694-96f2-9091b25a6a01" testId="30f13a84-0e67-4c4d-1bfc-5987e002b493" testName="Todo.Cli.Tests.ToDoRepositoryTests.RemoveTask_DeletesTask" computerName="UKSHF-FVFKPJVA1WFV" duration="00:00:00.0004988" startTime="2024-02-06T11:34:04.3188070+00:00" endTime="2024-02-06T11:34:04.3188070+00:00" testType="13cdc9d9-ddb5-4fa4-a97d-d965ccfc6d4b" outcome="Passed" testListId="8c84fa94-04c1-424b-9868-57a2d4851a1d" relativeResultsDirectory="5cd5ad95-b72c-4694-96f2-9091b25a6a01" />
    <UnitTestResult executionId="f4ac5b19-c300-4df5-9a9c-560ea1262d9a" testId="76053145-ab19-8248-cc45-6b81cdfcd398" testName="Todo.Cli.Tests.ToDoRepositoryTests.AddTask_AddsNewToDo" computerName="UKSHF-FVFKPJVA1WFV" duration="00:00:00.0134777" startTime="2024-02-06T11:34:04.3174270+00:00" endTime="2024-02-06T11:34:04.3174270+00:00" testType="13cdc9d9-ddb5-4fa4-a97d-d965ccfc6d4b" outcome="Passed" testListId="8c84fa94-04c1-424b-9868-57a2d4851a1d" relativeResultsDirectory="f4ac5b19-c300-4df5-9a9c-560ea1262d9a" />
    <UnitTestResult executionId="89c2c830-8a7c-4ff7-95d1-9ca42fe2ed35" testId="ac3a80b6-2496-e93c-839d-a52ea524d868" testName="Todo.Cli.Tests.ToDoRepositoryTests.ListCompleteTasks_ListsAllCompleteTasks" computerName="UKSHF-FVFKPJVA1WFV" duration="00:00:00.0002621" startTime="2024-02-06T11:34:04.3177170+00:00" endTime="2024-02-06T11:34:04.3177170+00:00" testType="13cdc9d9-ddb5-4fa4-a97d-d965ccfc6d4b" outcome="Passed" testListId="8c84fa94-04c1-424b-9868-57a2d4851a1d" relativeResultsDirectory="89c2c830-8a7c-4ff7-95d1-9ca42fe2ed35" />
  </Results>
  <TestDefinitions>
    <UnitTest name="Todo.Cli.Tests.ToDoRepositoryTests.ListCompleteTasks_ListsAllCompleteTasks" storage="/users/maxwallwey/code/maxwallwey-todo/backend/cli/todo.cli.tests/bin/debug/net6.0/todo.cli.tests.dll" id="ac3a80b6-2496-e93c-839d-a52ea524d868">
      <Execution id="89c2c830-8a7c-4ff7-95d1-9ca42fe2ed35" />
      <TestMethod codeBase="/Users/maxwallwey/code/maxwallwey-todo/backend/cli/Todo.Cli.Tests/bin/Debug/net6.0/Todo.Cli.Tests.dll" adapterTypeName="executor://xunit/VsTestRunner2/netcoreapp" className="Todo.Cli.Tests.ToDoRepositoryTests" name="ListCompleteTasks_ListsAllCompleteTasks" />
    </UnitTest>
    <UnitTest name="Todo.Cli.Tests.ToDoRepositoryTests.AddTask_AddsNewToDo" storage="/users/maxwallwey/code/maxwallwey-todo/backend/cli/todo.cli.tests/bin/debug/net6.0/todo.cli.tests.dll" id="76053145-ab19-8248-cc45-6b81cdfcd398">
      <Execution id="f4ac5b19-c300-4df5-9a9c-560ea1262d9a" />
      <TestMethod codeBase="/Users/maxwallwey/code/maxwallwey-todo/backend/cli/Todo.Cli.Tests/bin/Debug/net6.0/Todo.Cli.Tests.dll" adapterTypeName="executor://xunit/VsTestRunner2/netcoreapp" className="Todo.Cli.Tests.ToDoRepositoryTests" name="AddTask_AddsNewToDo" />
    </UnitTest>
    <UnitTest name="Todo.Cli.Tests.ToDoTests.ToDoTest" storage="/users/maxwallwey/code/maxwallwey-todo/backend/cli/todo.cli.tests/bin/debug/net6.0/todo.cli.tests.dll" id="546a8e97-3581-ddb4-b25b-604c8f1cd17a">
      <Execution id="a663f3d4-33d6-47bb-a018-95e3a758fc05" />
      <TestMethod codeBase="/Users/maxwallwey/code/maxwallwey-todo/backend/cli/Todo.Cli.Tests/bin/Debug/net6.0/Todo.Cli.Tests.dll" adapterTypeName="executor://xunit/VsTestRunner2/netcoreapp" className="Todo.Cli.Tests.ToDoTests" name="ToDoTest" />
    </UnitTest>
    <UnitTest name="Todo.Cli.Tests.ToDoTests.Complete_CompletesSpecifiedToDo" storage="/users/maxwallwey/code/maxwallwey-todo/backend/cli/todo.cli.tests/bin/debug/net6.0/todo.cli.tests.dll" id="8f15d5a9-07a0-10ce-c13d-3b1083321ebc">
      <Execution id="71b084a8-cf4d-48e0-8e03-6a703c0792e0" />
      <TestMethod codeBase="/Users/maxwallwey/code/maxwallwey-todo/backend/cli/Todo.Cli.Tests/bin/Debug/net6.0/Todo.Cli.Tests.dll" adapterTypeName="executor://xunit/VsTestRunner2/netcoreapp" className="Todo.Cli.Tests.ToDoTests" name="Complete_CompletesSpecifiedToDo" />
    </UnitTest>
    <UnitTest name="Todo.Cli.Tests.ToDoRepositoryTests.CompleteTask_ChangeCompleteStatusToComplete" storage="/users/maxwallwey/code/maxwallwey-todo/backend/cli/todo.cli.tests/bin/debug/net6.0/todo.cli.tests.dll" id="c659ee89-fba0-4dcf-aa11-ae2d955e29ad">
      <Execution id="20391e93-2844-4e31-8d07-9f95199dab34" />
      <TestMethod codeBase="/Users/maxwallwey/code/maxwallwey-todo/backend/cli/Todo.Cli.Tests/bin/Debug/net6.0/Todo.Cli.Tests.dll" adapterTypeName="executor://xunit/VsTestRunner2/netcoreapp" className="Todo.Cli.Tests.ToDoRepositoryTests" name="CompleteTask_ChangeCompleteStatusToComplete" />
    </UnitTest>
    <UnitTest name="Todo.Cli.Tests.ToDoRepositoryTests.ListIncompleteTasks_ListsAllIncompleteTasks" storage="/users/maxwallwey/code/maxwallwey-todo/backend/cli/todo.cli.tests/bin/debug/net6.0/todo.cli.tests.dll" id="9fba721a-45fa-9411-84eb-85ce1e65ef04">
      <Execution id="66513bfb-d37b-43e7-88de-50d0044eba5d" />
      <TestMethod codeBase="/Users/maxwallwey/code/maxwallwey-todo/backend/cli/Todo.Cli.Tests/bin/Debug/net6.0/Todo.Cli.Tests.dll" adapterTypeName="executor://xunit/VsTestRunner2/netcoreapp" className="Todo.Cli.Tests.ToDoRepositoryTests" name="ListIncompleteTasks_ListsAllIncompleteTasks" />
    </UnitTest>
    <UnitTest name="Todo.Cli.Tests.ToDoRepositoryTests.RemoveTask_DeletesTask" storage="/users/maxwallwey/code/maxwallwey-todo/backend/cli/todo.cli.tests/bin/debug/net6.0/todo.cli.tests.dll" id="30f13a84-0e67-4c4d-1bfc-5987e002b493">
      <Execution id="5cd5ad95-b72c-4694-96f2-9091b25a6a01" />
      <TestMethod codeBase="/Users/maxwallwey/code/maxwallwey-todo/backend/cli/Todo.Cli.Tests/bin/Debug/net6.0/Todo.Cli.Tests.dll" adapterTypeName="executor://xunit/VsTestRunner2/netcoreapp" className="Todo.Cli.Tests.ToDoRepositoryTests" name="RemoveTask_DeletesTask" />
    </UnitTest>
  </TestDefinitions>
  <TestEntries>
    <TestEntry testId="9fba721a-45fa-9411-84eb-85ce1e65ef04" executionId="66513bfb-d37b-43e7-88de-50d0044eba5d" testListId="8c84fa94-04c1-424b-9868-57a2d4851a1d" />
    <TestEntry testId="546a8e97-3581-ddb4-b25b-604c8f1cd17a" executionId="a663f3d4-33d6-47bb-a018-95e3a758fc05" testListId="8c84fa94-04c1-424b-9868-57a2d4851a1d" />
    <TestEntry testId="c659ee89-fba0-4dcf-aa11-ae2d955e29ad" executionId="20391e93-2844-4e31-8d07-9f95199dab34" testListId="8c84fa94-04c1-424b-9868-57a2d4851a1d" />
    <TestEntry testId="8f15d5a9-07a0-10ce-c13d-3b1083321ebc" executionId="71b084a8-cf4d-48e0-8e03-6a703c0792e0" testListId="8c84fa94-04c1-424b-9868-57a2d4851a1d" />
    <TestEntry testId="30f13a84-0e67-4c4d-1bfc-5987e002b493" executionId="5cd5ad95-b72c-4694-96f2-9091b25a6a01" testListId="8c84fa94-04c1-424b-9868-57a2d4851a1d" />
    <TestEntry testId="76053145-ab19-8248-cc45-6b81cdfcd398" executionId="f4ac5b19-c300-4df5-9a9c-560ea1262d9a" testListId="8c84fa94-04c1-424b-9868-57a2d4851a1d" />
    <TestEntry testId="ac3a80b6-2496-e93c-839d-a52ea524d868" executionId="89c2c830-8a7c-4ff7-95d1-9ca42fe2ed35" testListId="8c84fa94-04c1-424b-9868-57a2d4851a1d" />
  </TestEntries>
  <TestLists>
    <TestList name="Results Not in a List" id="8c84fa94-04c1-424b-9868-57a2d4851a1d" />
    <TestList name="All Loaded Results" id="19431567-8539-422a-85d7-44ee4e166bda" />
  </TestLists>
  <ResultSummary outcome="Completed">
    <Counters total="7" executed="7" passed="7" failed="0" error="0" timeout="0" aborted="0" inconclusive="0" passedButRunAborted="0" notRunnable="0" notExecuted="0" disconnected="0" warning="0" completed="0" inProgress="0" pending="0" />
    <Output>
      <StdOut>[xUnit.net 00:00:00.00] xUnit.net VSTest Adapter v2.4.3+1b45f5407b (64-bit .NET 6.0.26)
[xUnit.net 00:00:00.23]   Discovering: Todo.Cli.Tests
[xUnit.net 00:00:00.25]   Discovered:  Todo.Cli.Tests
[xUnit.net 00:00:00.26]   Starting:    Todo.Cli.Tests
[xUnit.net 00:00:00.30]   Finished:    Todo.Cli.Tests
</StdOut>
    </Output>
  </ResultSummary>
</TestRun>