<?xml version="1.0" encoding="utf-8"?>
<TestRun id="8a99a2ed-71dc-45b5-919d-9ef8a46463c0" name="@UKSHF-FVFKPJVA1WFV 2024-01-31 11:04:11" xmlns="http://microsoft.com/schemas/VisualStudio/TeamTest/2010">
  <Times creation="2024-01-31T11:04:11.0334230+00:00" queuing="2024-01-31T11:04:11.0334230+00:00" start="2024-01-31T11:04:10.3203390+00:00" finish="2024-01-31T11:04:11.0396390+00:00" />
  <TestSettings name="default" id="6a4024c3-9b27-44e3-aced-57398909913f">
    <Deployment runDeploymentRoot="_UKSHF-FVFKPJVA1WFV_2024-01-31_11_04_11" />
  </TestSettings>
  <Results>
    <UnitTestResult executionId="f36b488a-d243-4da4-a16c-c8291289e349" testId="c659ee89-fba0-4dcf-aa11-ae2d955e29ad" testName="Todo.Cli.Tests.ToDoRepositoryTests.CompleteTask_ChangeCompleteStatusToComplete" computerName="UKSHF-FVFKPJVA1WFV" duration="00:00:00.0003485" startTime="2024-01-31T11:04:10.9734600+00:00" endTime="2024-01-31T11:04:10.9734600+00:00" testType="13cdc9d9-ddb5-4fa4-a97d-d965ccfc6d4b" outcome="Passed" testListId="8c84fa94-04c1-424b-9868-57a2d4851a1d" relativeResultsDirectory="f36b488a-d243-4da4-a16c-c8291289e349" />
    <UnitTestResult executionId="9ad2cf16-d8b1-4ea2-9772-ccf559f980bf" testId="30f13a84-0e67-4c4d-1bfc-5987e002b493" testName="Todo.Cli.Tests.ToDoRepositoryTests.RemoveTask_DeletesTask" computerName="UKSHF-FVFKPJVA1WFV" duration="00:00:00.0004633" startTime="2024-01-31T11:04:10.9741030+00:00" endTime="2024-01-31T11:04:10.9741030+00:00" testType="13cdc9d9-ddb5-4fa4-a97d-d965ccfc6d4b" outcome="Passed" testListId="8c84fa94-04c1-424b-9868-57a2d4851a1d" relativeResultsDirectory="9ad2cf16-d8b1-4ea2-9772-ccf559f980bf" />
    <UnitTestResult executionId="5e0571b6-baf5-4f99-ae61-4f731d371d0a" testId="9fba721a-45fa-9411-84eb-85ce1e65ef04" testName="Todo.Cli.Tests.ToDoRepositoryTests.ListIncompleteTasks_ListsAllIncompleteTasks" computerName="UKSHF-FVFKPJVA1WFV" duration="00:00:00.0001407" startTime="2024-01-31T11:04:10.9736230+00:00" endTime="2024-01-31T11:04:10.9736230+00:00" testType="13cdc9d9-ddb5-4fa4-a97d-d965ccfc6d4b" outcome="Passed" testListId="8c84fa94-04c1-424b-9868-57a2d4851a1d" relativeResultsDirectory="5e0571b6-baf5-4f99-ae61-4f731d371d0a" />
    <UnitTestResult executionId="8e924fdd-df87-4dbf-9afe-5a5bf50b4c2a" testId="8f15d5a9-07a0-10ce-c13d-3b1083321ebc" testName="Todo.Cli.Tests.ToDoTests.Complete_CompletesSpecifiedToDo" computerName="UKSHF-FVFKPJVA1WFV" duration="00:00:00.0088019" startTime="2024-01-31T11:04:10.9685900+00:00" endTime="2024-01-31T11:04:10.9686070+00:00" testType="13cdc9d9-ddb5-4fa4-a97d-d965ccfc6d4b" outcome="Passed" testListId="8c84fa94-04c1-424b-9868-57a2d4851a1d" relativeResultsDirectory="8e924fdd-df87-4dbf-9afe-5a5bf50b4c2a" />
    <UnitTestResult executionId="cb1e0616-999d-4192-ba02-5e2ad2e4c523" testId="ac3a80b6-2496-e93c-839d-a52ea524d868" testName="Todo.Cli.Tests.ToDoRepositoryTests.ListCompleteTasks_ListsAllCompleteTasks" computerName="UKSHF-FVFKPJVA1WFV" duration="00:00:00.0002611" startTime="2024-01-31T11:04:10.9730900+00:00" endTime="2024-01-31T11:04:10.9730900+00:00" testType="13cdc9d9-ddb5-4fa4-a97d-d965ccfc6d4b" outcome="Passed" testListId="8c84fa94-04c1-424b-9868-57a2d4851a1d" relativeResultsDirectory="cb1e0616-999d-4192-ba02-5e2ad2e4c523" />
    <UnitTestResult executionId="3644b50d-3981-4d78-8f94-75b6e7bad7f4" testId="546a8e97-3581-ddb4-b25b-604c8f1cd17a" testName="Todo.Cli.Tests.ToDoTests.ToDoTest" computerName="UKSHF-FVFKPJVA1WFV" duration="00:00:00.0018885" startTime="2024-01-31T11:04:10.9709400+00:00" endTime="2024-01-31T11:04:10.9709410+00:00" testType="13cdc9d9-ddb5-4fa4-a97d-d965ccfc6d4b" outcome="Passed" testListId="8c84fa94-04c1-424b-9868-57a2d4851a1d" relativeResultsDirectory="3644b50d-3981-4d78-8f94-75b6e7bad7f4" />
    <UnitTestResult executionId="f313559f-d7d4-4984-a278-f1a369e7b4b5" testId="76053145-ab19-8248-cc45-6b81cdfcd398" testName="Todo.Cli.Tests.ToDoRepositoryTests.AddTask_AddsNewToDo" computerName="UKSHF-FVFKPJVA1WFV" duration="00:00:00.0149762" startTime="2024-01-31T11:04:10.9728010+00:00" endTime="2024-01-31T11:04:10.9728010+00:00" testType="13cdc9d9-ddb5-4fa4-a97d-d965ccfc6d4b" outcome="Passed" testListId="8c84fa94-04c1-424b-9868-57a2d4851a1d" relativeResultsDirectory="f313559f-d7d4-4984-a278-f1a369e7b4b5" />
  </Results>
  <TestDefinitions>
    <UnitTest name="Todo.Cli.Tests.ToDoRepositoryTests.ListCompleteTasks_ListsAllCompleteTasks" storage="/users/maxwallwey/code/maxwallwey-todo/backend/cli/todo.cli.tests/bin/debug/net6.0/todo.cli.tests.dll" id="ac3a80b6-2496-e93c-839d-a52ea524d868">
      <Execution id="cb1e0616-999d-4192-ba02-5e2ad2e4c523" />
      <TestMethod codeBase="/Users/maxwallwey/code/maxwallwey-todo/backend/cli/Todo.Cli.Tests/bin/Debug/net6.0/Todo.Cli.Tests.dll" adapterTypeName="executor://xunit/VsTestRunner2/netcoreapp" className="Todo.Cli.Tests.ToDoRepositoryTests" name="ListCompleteTasks_ListsAllCompleteTasks" />
    </UnitTest>
    <UnitTest name="Todo.Cli.Tests.ToDoRepositoryTests.AddTask_AddsNewToDo" storage="/users/maxwallwey/code/maxwallwey-todo/backend/cli/todo.cli.tests/bin/debug/net6.0/todo.cli.tests.dll" id="76053145-ab19-8248-cc45-6b81cdfcd398">
      <Execution id="f313559f-d7d4-4984-a278-f1a369e7b4b5" />
      <TestMethod codeBase="/Users/maxwallwey/code/maxwallwey-todo/backend/cli/Todo.Cli.Tests/bin/Debug/net6.0/Todo.Cli.Tests.dll" adapterTypeName="executor://xunit/VsTestRunner2/netcoreapp" className="Todo.Cli.Tests.ToDoRepositoryTests" name="AddTask_AddsNewToDo" />
    </UnitTest>
    <UnitTest name="Todo.Cli.Tests.ToDoTests.ToDoTest" storage="/users/maxwallwey/code/maxwallwey-todo/backend/cli/todo.cli.tests/bin/debug/net6.0/todo.cli.tests.dll" id="546a8e97-3581-ddb4-b25b-604c8f1cd17a">
      <Execution id="3644b50d-3981-4d78-8f94-75b6e7bad7f4" />
      <TestMethod codeBase="/Users/maxwallwey/code/maxwallwey-todo/backend/cli/Todo.Cli.Tests/bin/Debug/net6.0/Todo.Cli.Tests.dll" adapterTypeName="executor://xunit/VsTestRunner2/netcoreapp" className="Todo.Cli.Tests.ToDoTests" name="ToDoTest" />
    </UnitTest>
    <UnitTest name="Todo.Cli.Tests.ToDoTests.Complete_CompletesSpecifiedToDo" storage="/users/maxwallwey/code/maxwallwey-todo/backend/cli/todo.cli.tests/bin/debug/net6.0/todo.cli.tests.dll" id="8f15d5a9-07a0-10ce-c13d-3b1083321ebc">
      <Execution id="8e924fdd-df87-4dbf-9afe-5a5bf50b4c2a" />
      <TestMethod codeBase="/Users/maxwallwey/code/maxwallwey-todo/backend/cli/Todo.Cli.Tests/bin/Debug/net6.0/Todo.Cli.Tests.dll" adapterTypeName="executor://xunit/VsTestRunner2/netcoreapp" className="Todo.Cli.Tests.ToDoTests" name="Complete_CompletesSpecifiedToDo" />
    </UnitTest>
    <UnitTest name="Todo.Cli.Tests.ToDoRepositoryTests.CompleteTask_ChangeCompleteStatusToComplete" storage="/users/maxwallwey/code/maxwallwey-todo/backend/cli/todo.cli.tests/bin/debug/net6.0/todo.cli.tests.dll" id="c659ee89-fba0-4dcf-aa11-ae2d955e29ad">
      <Execution id="f36b488a-d243-4da4-a16c-c8291289e349" />
      <TestMethod codeBase="/Users/maxwallwey/code/maxwallwey-todo/backend/cli/Todo.Cli.Tests/bin/Debug/net6.0/Todo.Cli.Tests.dll" adapterTypeName="executor://xunit/VsTestRunner2/netcoreapp" className="Todo.Cli.Tests.ToDoRepositoryTests" name="CompleteTask_ChangeCompleteStatusToComplete" />
    </UnitTest>
    <UnitTest name="Todo.Cli.Tests.ToDoRepositoryTests.ListIncompleteTasks_ListsAllIncompleteTasks" storage="/users/maxwallwey/code/maxwallwey-todo/backend/cli/todo.cli.tests/bin/debug/net6.0/todo.cli.tests.dll" id="9fba721a-45fa-9411-84eb-85ce1e65ef04">
      <Execution id="5e0571b6-baf5-4f99-ae61-4f731d371d0a" />
      <TestMethod codeBase="/Users/maxwallwey/code/maxwallwey-todo/backend/cli/Todo.Cli.Tests/bin/Debug/net6.0/Todo.Cli.Tests.dll" adapterTypeName="executor://xunit/VsTestRunner2/netcoreapp" className="Todo.Cli.Tests.ToDoRepositoryTests" name="ListIncompleteTasks_ListsAllIncompleteTasks" />
    </UnitTest>
    <UnitTest name="Todo.Cli.Tests.ToDoRepositoryTests.RemoveTask_DeletesTask" storage="/users/maxwallwey/code/maxwallwey-todo/backend/cli/todo.cli.tests/bin/debug/net6.0/todo.cli.tests.dll" id="30f13a84-0e67-4c4d-1bfc-5987e002b493">
      <Execution id="9ad2cf16-d8b1-4ea2-9772-ccf559f980bf" />
      <TestMethod codeBase="/Users/maxwallwey/code/maxwallwey-todo/backend/cli/Todo.Cli.Tests/bin/Debug/net6.0/Todo.Cli.Tests.dll" adapterTypeName="executor://xunit/VsTestRunner2/netcoreapp" className="Todo.Cli.Tests.ToDoRepositoryTests" name="RemoveTask_DeletesTask" />
    </UnitTest>
  </TestDefinitions>
  <TestEntries>
    <TestEntry testId="c659ee89-fba0-4dcf-aa11-ae2d955e29ad" executionId="f36b488a-d243-4da4-a16c-c8291289e349" testListId="8c84fa94-04c1-424b-9868-57a2d4851a1d" />
    <TestEntry testId="30f13a84-0e67-4c4d-1bfc-5987e002b493" executionId="9ad2cf16-d8b1-4ea2-9772-ccf559f980bf" testListId="8c84fa94-04c1-424b-9868-57a2d4851a1d" />
    <TestEntry testId="9fba721a-45fa-9411-84eb-85ce1e65ef04" executionId="5e0571b6-baf5-4f99-ae61-4f731d371d0a" testListId="8c84fa94-04c1-424b-9868-57a2d4851a1d" />
    <TestEntry testId="8f15d5a9-07a0-10ce-c13d-3b1083321ebc" executionId="8e924fdd-df87-4dbf-9afe-5a5bf50b4c2a" testListId="8c84fa94-04c1-424b-9868-57a2d4851a1d" />
    <TestEntry testId="ac3a80b6-2496-e93c-839d-a52ea524d868" executionId="cb1e0616-999d-4192-ba02-5e2ad2e4c523" testListId="8c84fa94-04c1-424b-9868-57a2d4851a1d" />
    <TestEntry testId="546a8e97-3581-ddb4-b25b-604c8f1cd17a" executionId="3644b50d-3981-4d78-8f94-75b6e7bad7f4" testListId="8c84fa94-04c1-424b-9868-57a2d4851a1d" />
    <TestEntry testId="76053145-ab19-8248-cc45-6b81cdfcd398" executionId="f313559f-d7d4-4984-a278-f1a369e7b4b5" testListId="8c84fa94-04c1-424b-9868-57a2d4851a1d" />
  </TestEntries>
  <TestLists>
    <TestList name="Results Not in a List" id="8c84fa94-04c1-424b-9868-57a2d4851a1d" />
    <TestList name="All Loaded Results" id="19431567-8539-422a-85d7-44ee4e166bda" />
  </TestLists>
  <ResultSummary outcome="Completed">
    <Counters total="7" executed="7" passed="7" failed="0" error="0" timeout="0" aborted="0" inconclusive="0" passedButRunAborted="0" notRunnable="0" notExecuted="0" disconnected="0" warning="0" completed="0" inProgress="0" pending="0" />
    <Output>
      <StdOut>[xUnit.net 00:00:00.00] xUnit.net VSTest Adapter v2.4.3+1b45f5407b (64-bit .NET 6.0.26)
[xUnit.net 00:00:00.27]   Discovering: Todo.Cli.Tests
[xUnit.net 00:00:00.29]   Discovered:  Todo.Cli.Tests
[xUnit.net 00:00:00.29]   Starting:    Todo.Cli.Tests
[xUnit.net 00:00:00.33]   Finished:    Todo.Cli.Tests
</StdOut>
    </Output>
  </ResultSummary>
</TestRun>